Flow report for the_snake_game
Sat Jan 31 16:39:32 2026
Quartus II Version 9.0 Build 132 02/25/2009 SJ Web Edition


---------------------
; Table of Contents ;
---------------------
  1. Legal Notice
  2. Flow Summary
  3. Flow Settings
  4. Flow Non-Default Global Settings
  5. Flow Elapsed Time
  6. Flow OS Summary
  7. Flow Log



----------------
; Legal Notice ;
----------------
Copyright (C) 1991-2009 Altera Corporation
Your use of Altera Corporation's design tools, logic functions 
and other software and tools, and its AMPP partner logic 
functions, and any output files from any of the foregoing 
(including device programming or simulation files), and any 
associated documentation or information are expressly subject 
to the terms and conditions of the Altera Program License 
Subscription Agreement, Altera MegaCore Function License 
Agreement, or other applicable license agreement, including, 
without limitation, that your use is for the sole purpose of 
programming logic devices manufactured by Altera and sold by 
Altera or its authorized distributors.  Please refer to the 
applicable agreement for further details.



+------------------------------------------------------------------------------+
; Flow Summary                                                                 ;
+------------------------------------+-----------------------------------------+
; Flow Status                        ; Successful - Sat Jan 31 16:39:32 2026   ;
; Quartus II Version                 ; 9.0 Build 132 02/25/2009 SJ Web Edition ;
; Revision Name                      ; the_snake_game                          ;
; Top-level Entity Name              ; the_snake_game                          ;
; Family                             ; Cyclone II                              ;
; Device                             ; EP2C20F484C7                            ;
; Timing Models                      ; Final                                   ;
; Met timing requirements            ; No                                      ;
; Total logic elements               ; 10,937 / 18,752 ( 58 % )                ;
;     Total combinational functions  ; 10,873 / 18,752 ( 58 % )                ;
;     Dedicated logic registers      ; 1,996 / 18,752 ( 11 % )                 ;
; Total registers                    ; 1996                                    ;
; Total pins                         ; 58 / 315 ( 18 % )                       ;
; Total virtual pins                 ; 0                                       ;
; Total memory bits                  ; 0 / 239,616 ( 0 % )                     ;
; Embedded Multiplier 9-bit elements ; 0 / 52 ( 0 % )                          ;
; Total PLLs                         ; 0 / 4 ( 0 % )                           ;
+------------------------------------+-----------------------------------------+


+-----------------------------------------+
; Flow Settings                           ;
+-------------------+---------------------+
; Option            ; Setting             ;
+-------------------+---------------------+
; Start date & time ; 01/31/2026 16:37:26 ;
; Main task         ; Compilation         ;
; Revision Name     ; the_snake_game      ;
+-------------------+---------------------+


+--------------------------------------------------------------------------------------------------------------------------------------------+
; Flow Non-Default Global Settings                                                                                                           ;
+-------------------------------------+------------------------------------------------------+--------------------+-------------+------------+
; Assignment Name                     ; Value                                                ; Default Value      ; Entity Name ; Section Id ;
+-------------------------------------+------------------------------------------------------+--------------------+-------------+------------+
; COMPILER_SIGNATURE_ID               ; 220228042596482.176988824512624                      ; --                 ; --          ; --         ;
; FITTER_EFFORT                       ; Fast Fit                                             ; Auto Fit           ; --          ; --         ;
; MAX_CORE_JUNCTION_TEMP              ; 85                                                   ; --                 ; --          ; --         ;
; MIN_CORE_JUNCTION_TEMP              ; 0                                                    ; --                 ; --          ; --         ;
; OPTIMIZE_MULTI_CORNER_TIMING        ; On                                                   ; Off                ; --          ; --         ;
; OPTIMIZE_POWER_DURING_FITTING       ; Off                                                  ; Normal compilation ; --          ; --         ;
; PARTITION_COLOR                     ; 16764057                                             ; --                 ; --          ; Top        ;
; PARTITION_FITTER_PRESERVATION_LEVEL ; PLACEMENT_AND_ROUTING                                ; --                 ; --          ; Top        ;
; PARTITION_NETLIST_TYPE              ; SOURCE                                               ; --                 ; --          ; Top        ;
; POWER_BOARD_THERMAL_MODEL           ; None (CONSERVATIVE)                                  ; --                 ; --          ; --         ;
; POWER_PRESET_COOLING_SOLUTION       ; 23 MM HEAT SINK WITH 200 LFPM AIRFLOW                ; --                 ; --          ; --         ;
; PROJECT_OUTPUT_DIRECTORY            ; output_files                                         ; --                 ; --          ; --         ;
; SEARCH_PATH                         ; c:\users\luca\desktop\the_snake_game\vhdl_files\libs ; --                 ; --          ; --         ;
+-------------------------------------+------------------------------------------------------+--------------------+-------------+------------+


+-----------------------------------------------------------------------------------------------------------------------------+
; Flow Elapsed Time                                                                                                           ;
+-------------------------+--------------+-------------------------+---------------------+------------------------------------+
; Module Name             ; Elapsed Time ; Average Processors Used ; Peak Virtual Memory ; Total CPU Time (on all processors) ;
+-------------------------+--------------+-------------------------+---------------------+------------------------------------+
; Analysis & Synthesis    ; 00:00:52     ; 1.0                     ; 291 MB              ; 00:00:51                           ;
; Fitter                  ; 00:00:57     ; 1.0                     ; 331 MB              ; 00:00:55                           ;
; Assembler               ; 00:00:01     ; 1.0                     ; 263 MB              ; 00:00:02                           ;
; Classic Timing Analyzer ; 00:00:01     ; 1.0                     ; 239 MB              ; 00:00:01                           ;
; Total                   ; 00:01:51     ; --                      ; --                  ; 00:01:49                           ;
+-------------------------+--------------+-------------------------+---------------------+------------------------------------+


+------------------------------------------------------------------------------------------+
; Flow OS Summary                                                                          ;
+-------------------------+------------------+---------------+------------+----------------+
; Module Name             ; Machine Hostname ; OS Name       ; OS Version ; Processor type ;
+-------------------------+------------------+---------------+------------+----------------+
; Analysis & Synthesis    ; igor             ; Windows Vista ; 6.2        ; x86_64         ;
; Fitter                  ; igor             ; Windows Vista ; 6.2        ; x86_64         ;
; Assembler               ; igor             ; Windows Vista ; 6.2        ; x86_64         ;
; Classic Timing Analyzer ; igor             ; Windows Vista ; 6.2        ; x86_64         ;
+-------------------------+------------------+---------------+------------+----------------+


------------
; Flow Log ;
------------
quartus_map --read_settings_files=on --write_settings_files=off the_snake_game -c the_snake_game
quartus_fit --read_settings_files=off --write_settings_files=off the_snake_game -c the_snake_game
quartus_asm --read_settings_files=off --write_settings_files=off the_snake_game -c the_snake_game
quartus_tan --read_settings_files=off --write_settings_files=off the_snake_game -c the_snake_game --timing_analysis_only



